# JRE version: OpenJDK Runtime Environment (8.0_202-b03) (build 1.8.0_202-release-1483-b03)
# Java VM: OpenJDK 64-Bit Server VM (25.202-b03 mixed mode windows-amd64 compressed oops)
Heap:
 PSYoungGen      total 76288K, used 35308K [0x000000076af80000, 0x0000000770480000, 0x00000007c0000000)
  eden space 65536K, 37% used [0x000000076af80000,0x000000076c77ed90,0x000000076ef80000)
  from space 10752K, 99% used [0x000000076ef80000,0x000000076f9fc590,0x000000076fa00000)
  to   space 10752K, 0% used [0x000000076fa00000,0x000000076fa00000,0x0000000770480000)
 ParOldGen       total 112640K, used 23237K [0x00000006c0e00000, 0x00000006c7c00000, 0x000000076af80000)
  object space 112640K, 20% used [0x00000006c0e00000,0x00000006c24b1478,0x00000006c7c00000)
 Metaspace       used 40030K, capacity 40703K, committed 40920K, reserved 1085440K
  class space    used 5077K, capacity 5252K, committed 5376K, reserved 1048576K
GC Heap History (10 events):
Event: 1.151 GC heap before
{Heap before GC invocations=3 (full 1):
 PSYoungGen      total 76288K, used 8928K [0x000000076af80000, 0x0000000770480000, 0x00000007c0000000)
  eden space 65536K, 0% used [0x000000076af80000,0x000000076af80000,0x000000076ef80000)
  from space 10752K, 83% used [0x000000076fa00000,0x00000007702b8118,0x0000000770480000)
  to   space 10752K, 0% used [0x000000076ef80000,0x000000076ef80000,0x000000076fa00000)
 ParOldGen       total 175104K, used 4012K [0x00000006c0e00000, 0x00000006cb900000, 0x000000076af80000)
  object space 175104K, 2% used [0x00000006c0e00000,0x00000006c11eb370,0x00000006cb900000)
 Metaspace       used 20750K, capacity 21080K, committed 21248K, reserved 1067008K
  class space    used 2685K, capacity 2798K, committed 2816K, reserved 1048576K
Event: 1.174 GC heap after
Heap after GC invocations=3 (full 1):
 PSYoungGen      total 76288K, used 0K [0x000000076af80000, 0x0000000770480000, 0x00000007c0000000)
  eden space 65536K, 0% used [0x000000076af80000,0x000000076af80000,0x000000076ef80000)
  from space 10752K, 0% used [0x000000076fa00000,0x000000076fa00000,0x0000000770480000)
  to   space 10752K, 0% used [0x000000076ef80000,0x000000076ef80000,0x000000076fa00000)
 ParOldGen       total 112640K, used 8975K [0x00000006c0e00000, 0x00000006c7c00000, 0x000000076af80000)
  object space 112640K, 7% used [0x00000006c0e00000,0x00000006c16c3c88,0x00000006c7c00000)
 Metaspace       used 20750K, capacity 21080K, committed 21248K, reserved 1067008K
  class space    used 2685K, capacity 2798K, committed 2816K, reserved 1048576K
}
Event: 1.847 GC heap before
{Heap before GC invocations=4 (full 1):
 PSYoungGen      total 76288K, used 65536K [0x000000076af80000, 0x0000000770480000, 0x00000007c0000000)
  eden space 65536K, 100% used [0x000000076af80000,0x000000076ef80000,0x000000076ef80000)
  from space 10752K, 0% used [0x000000076fa00000,0x000000076fa00000,0x0000000770480000)
  to   space 10752K, 0% used [0x000000076ef80000,0x000000076ef80000,0x000000076fa00000)
 ParOldGen       total 112640K, used 8975K [0x00000006c0e00000, 0x00000006c7c00000, 0x000000076af80000)
  object space 112640K, 7% used [0x00000006c0e00000,0x00000006c16c3c88,0x00000006c7c00000)
 Metaspace       used 28844K, capacity 29300K, committed 29440K, reserved 1075200K
  class space    used 3706K, capacity 3838K, committed 3840K, reserved 1048576K
Event: 1.857 GC heap after
Heap after GC invocations=4 (full 1):
 PSYoungGen      total 76288K, used 10728K [0x000000076af80000, 0x0000000770480000, 0x00000007c0000000)
  eden space 65536K, 0% used [0x000000076af80000,0x000000076af80000,0x000000076ef80000)
  from space 10752K, 99% used [0x000000076ef80000,0x000000076f9fa080,0x000000076fa00000)
  to   space 10752K, 0% used [0x000000076fa00000,0x000000076fa00000,0x0000000770480000)
 ParOldGen       total 112640K, used 14512K [0x00000006c0e00000, 0x00000006c7c00000, 0x000000076af80000)
  object space 112640K, 12% used [0x00000006c0e00000,0x00000006c1c2c0b0,0x00000006c7c00000)
 Metaspace       used 28844K, capacity 29300K, committed 29440K, reserved 1075200K
  class space    used 3706K, capacity 3838K, committed 3840K, reserved 1048576K
}
Event: 2.284 GC heap before
{Heap before GC invocations=5 (full 1):
 PSYoungGen      total 76288K, used 44576K [0x000000076af80000, 0x0000000770480000, 0x00000007c0000000)
  eden space 65536K, 51% used [0x000000076af80000,0x000000076d08e2e0,0x000000076ef80000)
  from space 10752K, 99% used [0x000000076ef80000,0x000000076f9fa080,0x000000076fa00000)
  to   space 10752K, 0% used [0x000000076fa00000,0x000000076fa00000,0x0000000770480000)
 ParOldGen       total 112640K, used 14512K [0x00000006c0e00000, 0x00000006c7c00000, 0x000000076af80000)
  object space 112640K, 12% used [0x00000006c0e00000,0x00000006c1c2c0b0,0x00000006c7c00000)
 Metaspace       used 34625K, capacity 35215K, committed 35416K, reserved 1079296K
  class space    used 4493K, capacity 4664K, committed 4736K, reserved 1048576K
Event: 2.292 GC heap after
Heap after GC invocations=5 (full 1):
 PSYoungGen      total 76288K, used 10748K [0x000000076af80000, 0x0000000770480000, 0x00000007c0000000)
  eden space 65536K, 0% used [0x000000076af80000,0x000000076af80000,0x000000076ef80000)
  from space 10752K, 99% used [0x000000076fa00000,0x000000077047f0f8,0x0000000770480000)
  to   space 10752K, 0% used [0x000000076ef80000,0x000000076ef80000,0x000000076fa00000)
 ParOldGen       total 112640K, used 19437K [0x00000006c0e00000, 0x00000006c7c00000, 0x000000076af80000)
  object space 112640K, 17% used [0x00000006c0e00000,0x00000006c20fb750,0x00000006c7c00000)
 Metaspace       used 34625K, capacity 35215K, committed 35416K, reserved 1079296K
  class space    used 4493K, capacity 4664K, committed 4736K, reserved 1048576K
}
Event: 2.292 GC heap before
{Heap before GC invocations=6 (full 2):
 PSYoungGen      total 76288K, used 10748K [0x000000076af80000, 0x0000000770480000, 0x00000007c0000000)
  eden space 65536K, 0% used [0x000000076af80000,0x000000076af80000,0x000000076ef80000)
  from space 10752K, 99% used [0x000000076fa00000,0x000000077047f0f8,0x0000000770480000)
  to   space 10752K, 0% used [0x000000076ef80000,0x000000076ef80000,0x000000076fa00000)
 ParOldGen       total 112640K, used 19437K [0x00000006c0e00000, 0x00000006c7c00000, 0x000000076af80000)
  object space 112640K, 17% used [0x00000006c0e00000,0x00000006c20fb750,0x00000006c7c00000)
 Metaspace       used 34625K, capacity 35215K, committed 35416K, reserved 1079296K
  class space    used 4493K, capacity 4664K, committed 4736K, reserved 1048576K
Event: 2.329 GC heap after
Heap after GC invocations=6 (full 2):
 PSYoungGen      total 76288K, used 0K [0x000000076af80000, 0x0000000770480000, 0x00000007c0000000)
  eden space 65536K, 0% used [0x000000076af80000,0x000000076af80000,0x000000076ef80000)
  from space 10752K, 0% used [0x000000076fa00000,0x000000076fa00000,0x0000000770480000)
  to   space 10752K, 0% used [0x000000076ef80000,0x000000076ef80000,0x000000076fa00000)
 ParOldGen       total 112640K, used 21158K [0x00000006c0e00000, 0x00000006c7c00000, 0x000000076af80000)
  object space 112640K, 18% used [0x00000006c0e00000,0x00000006c22a9860,0x00000006c7c00000)
 Metaspace       used 34625K, capacity 35215K, committed 35416K, reserved 1079296K
  class space    used 4493K, capacity 4664K, committed 4736K, reserved 1048576K
}
Event: 2.968 GC heap before
{Heap before GC invocations=7 (full 2):
 PSYoungGen      total 76288K, used 65536K [0x000000076af80000, 0x0000000770480000, 0x00000007c0000000)
  eden space 65536K, 100% used [0x000000076af80000,0x000000076ef80000,0x000000076ef80000)
  from space 10752K, 0% used [0x000000076fa00000,0x000000076fa00000,0x0000000770480000)
  to   space 10752K, 0% used [0x000000076ef80000,0x000000076ef80000,0x000000076fa00000)
 ParOldGen       total 112640K, used 21158K [0x00000006c0e00000, 0x00000006c7c00000, 0x000000076af80000)
  object space 112640K, 18% used [0x00000006c0e00000,0x00000006c22a9860,0x00000006c7c00000)
 Metaspace       used 38067K, capacity 38749K, committed 39000K, reserved 1083392K
  class space    used 4815K, capacity 4979K, committed 4992K, reserved 1048576K
Event: 2.974 GC heap after
Heap after GC invocations=7 (full 2):
 PSYoungGen      total 76288K, used 10737K [0x000000076af80000, 0x0000000770480000, 0x00000007c0000000)
  eden space 65536K, 0% used [0x000000076af80000,0x000000076af80000,0x000000076ef80000)
  from space 10752K, 99% used [0x000000076ef80000,0x000000076f9fc590,0x000000076fa00000)
  to   space 10752K, 0% used [0x000000076fa00000,0x000000076fa00000,0x0000000770480000)
 ParOldGen       total 112640K, used 23237K [0x00000006c0e00000, 0x00000006c7c00000, 0x000000076af80000)
  object space 112640K, 20% used [0x00000006c0e00000,0x00000006c24b1478,0x00000006c7c00000)
 Metaspace       used 38067K, capacity 38749K, committed 39000K, reserved 1083392K
  class space    used 4815K, capacity 4979K, committed 4992K, reserved 1048576K
}

