# JRE version: OpenJDK Runtime Environment (8.0_202-b03) (build 1.8.0_202-release-1483-b03)
# Java VM: OpenJDK 64-Bit Server VM (25.202-b03 mixed mode windows-amd64 compressed oops)
Heap:
 PSYoungGen      total 127488K, used 9331K [0x00000000e0000000, 0x00000000e9500000, 0x0000000100000000)
  eden space 116736K, 7% used [0x00000000e0000000,0x00000000e091cea0,0x00000000e7200000)
  from space 10752K, 0% used [0x00000000e8a80000,0x00000000e8a80000,0x00000000e9500000)
  to   space 10752K, 0% used [0x00000000e8000000,0x00000000e8000000,0x00000000e8a80000)
 ParOldGen       total 156672K, used 18610K [0x00000000a0000000, 0x00000000a9900000, 0x00000000e0000000)
  object space 156672K, 11% used [0x00000000a0000000,0x00000000a122c8a0,0x00000000a9900000)
 Metaspace       used 38354K, capacity 39035K, committed 39384K, reserved 1091584K
  class space    used 4970K, capacity 5118K, committed 5120K, reserved 1048576K
GC Heap History (10 events):
Event: 5.642 GC heap before
{Heap before GC invocations=6 (full 2):
 PSYoungGen      total 76288K, used 65536K [0x00000000e0000000, 0x00000000e9500000, 0x0000000100000000)
  eden space 65536K, 100% used [0x00000000e0000000,0x00000000e4000000,0x00000000e4000000)
  from space 10752K, 0% used [0x00000000e4000000,0x00000000e4000000,0x00000000e4a80000)
  to   space 10752K, 0% used [0x00000000e8a80000,0x00000000e8a80000,0x00000000e9500000)
 ParOldGen       total 90112K, used 7514K [0x00000000a0000000, 0x00000000a5800000, 0x00000000e0000000)
  object space 90112K, 8% used [0x00000000a0000000,0x00000000a0756a68,0x00000000a5800000)
 Metaspace       used 29952K, capacity 30612K, committed 30976K, reserved 1077248K
  class space    used 3854K, capacity 4034K, committed 4096K, reserved 1048576K
Event: 5.651 GC heap after
Heap after GC invocations=6 (full 2):
 PSYoungGen      total 127488K, used 10725K [0x00000000e0000000, 0x00000000e9500000, 0x0000000100000000)
  eden space 116736K, 0% used [0x00000000e0000000,0x00000000e0000000,0x00000000e7200000)
  from space 10752K, 99% used [0x00000000e8a80000,0x00000000e94f9690,0x00000000e9500000)
  to   space 10752K, 0% used [0x00000000e8000000,0x00000000e8000000,0x00000000e8a80000)
 ParOldGen       total 90112K, used 11253K [0x00000000a0000000, 0x00000000a5800000, 0x00000000e0000000)
  object space 90112K, 12% used [0x00000000a0000000,0x00000000a0afd760,0x00000000a5800000)
 Metaspace       used 29952K, capacity 30612K, committed 30976K, reserved 1077248K
  class space    used 3854K, capacity 4034K, committed 4096K, reserved 1048576K
}
Event: 5.972 GC heap before
{Heap before GC invocations=7 (full 2):
 PSYoungGen      total 127488K, used 46222K [0x00000000e0000000, 0x00000000e9500000, 0x0000000100000000)
  eden space 116736K, 30% used [0x00000000e0000000,0x00000000e22aa260,0x00000000e7200000)
  from space 10752K, 99% used [0x00000000e8a80000,0x00000000e94f9690,0x00000000e9500000)
  to   space 10752K, 0% used [0x00000000e8000000,0x00000000e8000000,0x00000000e8a80000)
 ParOldGen       total 90112K, used 11253K [0x00000000a0000000, 0x00000000a5800000, 0x00000000e0000000)
  object space 90112K, 12% used [0x00000000a0000000,0x00000000a0afd760,0x00000000a5800000)
 Metaspace       used 34577K, capacity 35150K, committed 35416K, reserved 1079296K
  class space    used 4467K, capacity 4647K, committed 4736K, reserved 1048576K
Event: 5.984 GC heap after
Heap after GC invocations=7 (full 2):
 PSYoungGen      total 127488K, used 10748K [0x00000000e0000000, 0x00000000e9500000, 0x0000000100000000)
  eden space 116736K, 0% used [0x00000000e0000000,0x00000000e0000000,0x00000000e7200000)
  from space 10752K, 99% used [0x00000000e8000000,0x00000000e8a7f318,0x00000000e8a80000)
  to   space 10752K, 0% used [0x00000000e8a80000,0x00000000e8a80000,0x00000000e9500000)
 ParOldGen       total 90112K, used 15067K [0x00000000a0000000, 0x00000000a5800000, 0x00000000e0000000)
  object space 90112K, 16% used [0x00000000a0000000,0x00000000a0eb6df8,0x00000000a5800000)
 Metaspace       used 34577K, capacity 35150K, committed 35416K, reserved 1079296K
  class space    used 4467K, capacity 4647K, committed 4736K, reserved 1048576K
}
Event: 5.984 GC heap before
{Heap before GC invocations=8 (full 3):
 PSYoungGen      total 127488K, used 10748K [0x00000000e0000000, 0x00000000e9500000, 0x0000000100000000)
  eden space 116736K, 0% used [0x00000000e0000000,0x00000000e0000000,0x00000000e7200000)
  from space 10752K, 99% used [0x00000000e8000000,0x00000000e8a7f318,0x00000000e8a80000)
  to   space 10752K, 0% used [0x00000000e8a80000,0x00000000e8a80000,0x00000000e9500000)
 ParOldGen       total 90112K, used 15067K [0x00000000a0000000, 0x00000000a5800000, 0x00000000e0000000)
  object space 90112K, 16% used [0x00000000a0000000,0x00000000a0eb6df8,0x00000000a5800000)
 Metaspace       used 34577K, capacity 35150K, committed 35416K, reserved 1079296K
  class space    used 4467K, capacity 4647K, committed 4736K, reserved 1048576K
Event: 6.080 GC heap after
Heap after GC invocations=8 (full 3):
 PSYoungGen      total 127488K, used 0K [0x00000000e0000000, 0x00000000e9500000, 0x0000000100000000)
  eden space 116736K, 0% used [0x00000000e0000000,0x00000000e0000000,0x00000000e7200000)
  from space 10752K, 0% used [0x00000000e8000000,0x00000000e8000000,0x00000000e8a80000)
  to   space 10752K, 0% used [0x00000000e8a80000,0x00000000e8a80000,0x00000000e9500000)
 ParOldGen       total 156672K, used 20258K [0x00000000a0000000, 0x00000000a9900000, 0x00000000e0000000)
  object space 156672K, 12% used [0x00000000a0000000,0x00000000a13c8ac8,0x00000000a9900000)
 Metaspace       used 34577K, capacity 35150K, committed 35416K, reserved 1079296K
  class space    used 4467K, capacity 4647K, committed 4736K, reserved 1048576K
}
Event: 6.322 GC heap before
{Heap before GC invocations=9 (full 3):
 PSYoungGen      total 127488K, used 17210K [0x00000000e0000000, 0x00000000e9500000, 0x0000000100000000)
  eden space 116736K, 14% used [0x00000000e0000000,0x00000000e10ce9a0,0x00000000e7200000)
  from space 10752K, 0% used [0x00000000e8000000,0x00000000e8000000,0x00000000e8a80000)
  to   space 10752K, 0% used [0x00000000e8a80000,0x00000000e8a80000,0x00000000e9500000)
 ParOldGen       total 156672K, used 20258K [0x00000000a0000000, 0x00000000a9900000, 0x00000000e0000000)
  object space 156672K, 12% used [0x00000000a0000000,0x00000000a13c8ac8,0x00000000a9900000)
 Metaspace       used 37689K, capacity 38328K, committed 38616K, reserved 1091584K
  class space    used 4904K, capacity 5054K, committed 5120K, reserved 1048576K
Event: 6.326 GC heap after
Heap after GC invocations=9 (full 3):
 PSYoungGen      total 127488K, used 3899K [0x00000000e0000000, 0x00000000e9500000, 0x0000000100000000)
  eden space 116736K, 0% used [0x00000000e0000000,0x00000000e0000000,0x00000000e7200000)
  from space 10752K, 36% used [0x00000000e8a80000,0x00000000e8e4eea0,0x00000000e9500000)
  to   space 10752K, 0% used [0x00000000e8000000,0x00000000e8000000,0x00000000e8a80000)
 ParOldGen       total 156672K, used 20278K [0x00000000a0000000, 0x00000000a9900000, 0x00000000e0000000)
  object space 156672K, 12% used [0x00000000a0000000,0x00000000a13cda68,0x00000000a9900000)
 Metaspace       used 37689K, capacity 38328K, committed 38616K, reserved 1091584K
  class space    used 4904K, capacity 5054K, committed 5120K, reserved 1048576K
}
Event: 6.326 GC heap before
{Heap before GC invocations=10 (full 4):
 PSYoungGen      total 127488K, used 3899K [0x00000000e0000000, 0x00000000e9500000, 0x0000000100000000)
  eden space 116736K, 0% used [0x00000000e0000000,0x00000000e0000000,0x00000000e7200000)
  from space 10752K, 36% used [0x00000000e8a80000,0x00000000e8e4eea0,0x00000000e9500000)
  to   space 10752K, 0% used [0x00000000e8000000,0x00000000e8000000,0x00000000e8a80000)
 ParOldGen       total 156672K, used 20278K [0x00000000a0000000, 0x00000000a9900000, 0x00000000e0000000)
  object space 156672K, 12% used [0x00000000a0000000,0x00000000a13cda68,0x00000000a9900000)
 Metaspace       used 37689K, capacity 38328K, committed 38616K, reserved 1091584K
  class space    used 4904K, capacity 5054K, committed 5120K, reserved 1048576K
Event: 6.379 GC heap after
Heap after GC invocations=10 (full 4):
 PSYoungGen      total 127488K, used 0K [0x00000000e0000000, 0x00000000e9500000, 0x0000000100000000)
  eden space 116736K, 0% used [0x00000000e0000000,0x00000000e0000000,0x00000000e7200000)
  from space 10752K, 0% used [0x00000000e8a80000,0x00000000e8a80000,0x00000000e9500000)
  to   space 10752K, 0% used [0x00000000e8000000,0x00000000e8000000,0x00000000e8a80000)
 ParOldGen       total 156672K, used 18610K [0x00000000a0000000, 0x00000000a9900000, 0x00000000e0000000)
  object space 156672K, 11% used [0x00000000a0000000,0x00000000a122c8a0,0x00000000a9900000)
 Metaspace       used 37689K, capacity 38328K, committed 38616K, reserved 1089536K
  class space    used 4904K, capacity 5054K, committed 5120K, reserved 1048576K
}

