# JRE version: OpenJDK Runtime Environment (8.0_202-b03) (build 1.8.0_202-release-1483-b03)
# Java VM: OpenJDK 64-Bit Server VM (25.202-b03 mixed mode windows-amd64 compressed oops)
Heap:
 PSYoungGen      total 141824K, used 60111K [0x00000000e0000000, 0x00000000e9980000, 0x0000000100000000)
  eden space 131072K, 37% used [0x00000000e0000000,0x00000000e3039cf0,0x00000000e8000000)
  from space 10752K, 99% used [0x00000000e8f00000,0x00000000e997a190,0x00000000e9980000)
  to   space 10752K, 0% used [0x00000000e8000000,0x00000000e8000000,0x00000000e8a80000)
 ParOldGen       total 110592K, used 37919K [0x00000000a0000000, 0x00000000a6c00000, 0x00000000e0000000)
  object space 110592K, 34% used [0x00000000a0000000,0x00000000a2507fc0,0x00000000a6c00000)
 Metaspace       used 52985K, capacity 54005K, committed 54360K, reserved 1097728K
  class space    used 6673K, capacity 6929K, committed 7040K, reserved 1048576K
GC Heap History (10 events):
Event: 1.563 GC heap before
{Heap before GC invocations=5 (full 2):
 PSYoungGen      total 76288K, used 6339K [0x00000000e0000000, 0x00000000e9500000, 0x0000000100000000)
  eden space 65536K, 0% used [0x00000000e0000000,0x00000000e0000000,0x00000000e4000000)
  from space 10752K, 58% used [0x00000000e4000000,0x00000000e4630cb8,0x00000000e4a80000)
  to   space 10752K, 0% used [0x00000000e8a80000,0x00000000e8a80000,0x00000000e9500000)
 ParOldGen       total 175104K, used 5550K [0x00000000a0000000, 0x00000000aab00000, 0x00000000e0000000)
  object space 175104K, 3% used [0x00000000a0000000,0x00000000a056b878,0x00000000aab00000)
 Metaspace       used 20751K, capacity 21136K, committed 21248K, reserved 1069056K
  class space    used 2446K, capacity 2550K, committed 2560K, reserved 1048576K
Event: 1.599 GC heap after
Heap after GC invocations=5 (full 2):
 PSYoungGen      total 76288K, used 0K [0x00000000e0000000, 0x00000000e9500000, 0x0000000100000000)
  eden space 65536K, 0% used [0x00000000e0000000,0x00000000e0000000,0x00000000e4000000)
  from space 10752K, 0% used [0x00000000e4000000,0x00000000e4000000,0x00000000e4a80000)
  to   space 10752K, 0% used [0x00000000e8a80000,0x00000000e8a80000,0x00000000e9500000)
 ParOldGen       total 110592K, used 7513K [0x00000000a0000000, 0x00000000a6c00000, 0x00000000e0000000)
  object space 110592K, 6% used [0x00000000a0000000,0x00000000a0756610,0x00000000a6c00000)
 Metaspace       used 20751K, capacity 21136K, committed 21248K, reserved 1069056K
  class space    used 2446K, capacity 2550K, committed 2560K, reserved 1048576K
}
Event: 2.265 GC heap before
{Heap before GC invocations=6 (full 2):
 PSYoungGen      total 76288K, used 65505K [0x00000000e0000000, 0x00000000e9500000, 0x0000000100000000)
  eden space 65536K, 99% used [0x00000000e0000000,0x00000000e3ff8720,0x00000000e4000000)
  from space 10752K, 0% used [0x00000000e4000000,0x00000000e4000000,0x00000000e4a80000)
  to   space 10752K, 0% used [0x00000000e8a80000,0x00000000e8a80000,0x00000000e9500000)
 ParOldGen       total 110592K, used 7513K [0x00000000a0000000, 0x00000000a6c00000, 0x00000000e0000000)
  object space 110592K, 6% used [0x00000000a0000000,0x00000000a0756610,0x00000000a6c00000)
 Metaspace       used 30014K, capacity 30612K, committed 30976K, reserved 1077248K
  class space    used 3860K, capacity 4034K, committed 4096K, reserved 1048576K
Event: 2.274 GC heap after
Heap after GC invocations=6 (full 2):
 PSYoungGen      total 104960K, used 10739K [0x00000000e0000000, 0x00000000e9500000, 0x0000000100000000)
  eden space 94208K, 0% used [0x00000000e0000000,0x00000000e0000000,0x00000000e5c00000)
  from space 10752K, 99% used [0x00000000e8a80000,0x00000000e94fcea0,0x00000000e9500000)
  to   space 10752K, 0% used [0x00000000e8000000,0x00000000e8000000,0x00000000e8a80000)
 ParOldGen       total 110592K, used 11268K [0x00000000a0000000, 0x00000000a6c00000, 0x00000000e0000000)
  object space 110592K, 10% used [0x00000000a0000000,0x00000000a0b01328,0x00000000a6c00000)
 Metaspace       used 30014K, capacity 30612K, committed 30976K, reserved 1077248K
  class space    used 3860K, capacity 4034K, committed 4096K, reserved 1048576K
}
Event: 2.630 GC heap before
{Heap before GC invocations=7 (full 2):
 PSYoungGen      total 104960K, used 45972K [0x00000000e0000000, 0x00000000e9500000, 0x0000000100000000)
  eden space 94208K, 37% used [0x00000000e0000000,0x00000000e22682f8,0x00000000e5c00000)
  from space 10752K, 99% used [0x00000000e8a80000,0x00000000e94fcea0,0x00000000e9500000)
  to   space 10752K, 0% used [0x00000000e8000000,0x00000000e8000000,0x00000000e8a80000)
 ParOldGen       total 110592K, used 11268K [0x00000000a0000000, 0x00000000a6c00000, 0x00000000e0000000)
  object space 110592K, 10% used [0x00000000a0000000,0x00000000a0b01328,0x00000000a6c00000)
 Metaspace       used 34642K, capacity 35150K, committed 35416K, reserved 1079296K
  class space    used 4473K, capacity 4647K, committed 4736K, reserved 1048576K
Event: 2.642 GC heap after
Heap after GC invocations=7 (full 2):
 PSYoungGen      total 141824K, used 10749K [0x00000000e0000000, 0x00000000e9980000, 0x0000000100000000)
  eden space 131072K, 0% used [0x00000000e0000000,0x00000000e0000000,0x00000000e8000000)
  from space 10752K, 99% used [0x00000000e8000000,0x00000000e8a7f598,0x00000000e8a80000)
  to   space 10752K, 0% used [0x00000000e8f00000,0x00000000e8f00000,0x00000000e9980000)
 ParOldGen       total 110592K, used 15037K [0x00000000a0000000, 0x00000000a6c00000, 0x00000000e0000000)
  object space 110592K, 13% used [0x00000000a0000000,0x00000000a0eaf780,0x00000000a6c00000)
 Metaspace       used 34642K, capacity 35150K, committed 35416K, reserved 1079296K
  class space    used 4473K, capacity 4647K, committed 4736K, reserved 1048576K
}
Event: 2.642 GC heap before
{Heap before GC invocations=8 (full 3):
 PSYoungGen      total 141824K, used 10749K [0x00000000e0000000, 0x00000000e9980000, 0x0000000100000000)
  eden space 131072K, 0% used [0x00000000e0000000,0x00000000e0000000,0x00000000e8000000)
  from space 10752K, 99% used [0x00000000e8000000,0x00000000e8a7f598,0x00000000e8a80000)
  to   space 10752K, 0% used [0x00000000e8f00000,0x00000000e8f00000,0x00000000e9980000)
 ParOldGen       total 110592K, used 15037K [0x00000000a0000000, 0x00000000a6c00000, 0x00000000e0000000)
  object space 110592K, 13% used [0x00000000a0000000,0x00000000a0eaf780,0x00000000a6c00000)
 Metaspace       used 34642K, capacity 35150K, committed 35416K, reserved 1079296K
  class space    used 4473K, capacity 4647K, committed 4736K, reserved 1048576K
Event: 2.727 GC heap after
Heap after GC invocations=8 (full 3):
 PSYoungGen      total 141824K, used 0K [0x00000000e0000000, 0x00000000e9980000, 0x0000000100000000)
  eden space 131072K, 0% used [0x00000000e0000000,0x00000000e0000000,0x00000000e8000000)
  from space 10752K, 0% used [0x00000000e8000000,0x00000000e8000000,0x00000000e8a80000)
  to   space 10752K, 0% used [0x00000000e8f00000,0x00000000e8f00000,0x00000000e9980000)
 ParOldGen       total 110592K, used 20188K [0x00000000a0000000, 0x00000000a6c00000, 0x00000000e0000000)
  object space 110592K, 18% used [0x00000000a0000000,0x00000000a13b7140,0x00000000a6c00000)
 Metaspace       used 34642K, capacity 35150K, committed 35416K, reserved 1079296K
  class space    used 4473K, capacity 4647K, committed 4736K, reserved 1048576K
}
Event: 4.165 GC heap before
{Heap before GC invocations=9 (full 3):
 PSYoungGen      total 141824K, used 131072K [0x00000000e0000000, 0x00000000e9980000, 0x0000000100000000)
  eden space 131072K, 100% used [0x00000000e0000000,0x00000000e8000000,0x00000000e8000000)
  from space 10752K, 0% used [0x00000000e8000000,0x00000000e8000000,0x00000000e8a80000)
  to   space 10752K, 0% used [0x00000000e8f00000,0x00000000e8f00000,0x00000000e9980000)
 ParOldGen       total 110592K, used 20188K [0x00000000a0000000, 0x00000000a6c00000, 0x00000000e0000000)
  object space 110592K, 18% used [0x00000000a0000000,0x00000000a13b7140,0x00000000a6c00000)
 Metaspace       used 46416K, capacity 47283K, committed 47576K, reserved 1091584K
  class space    used 5927K, capacity 6132K, committed 6144K, reserved 1048576K
Event: 4.185 GC heap after
Heap after GC invocations=9 (full 3):
 PSYoungGen      total 141824K, used 10728K [0x00000000e0000000, 0x00000000e9980000, 0x0000000100000000)
  eden space 131072K, 0% used [0x00000000e0000000,0x00000000e0000000,0x00000000e8000000)
  from space 10752K, 99% used [0x00000000e8f00000,0x00000000e997a190,0x00000000e9980000)
  to   space 10752K, 0% used [0x00000000e8000000,0x00000000e8000000,0x00000000e8a80000)
 ParOldGen       total 110592K, used 37919K [0x00000000a0000000, 0x00000000a6c00000, 0x00000000e0000000)
  object space 110592K, 34% used [0x00000000a0000000,0x00000000a2507fc0,0x00000000a6c00000)
 Metaspace       used 46416K, capacity 47283K, committed 47576K, reserved 1091584K
  class space    used 5927K, capacity 6132K, committed 6144K, reserved 1048576K
}

